{"/Users/kumaraswamy/Desktop/design-den-react copy/src/utils/authHelpers.cjs": {"path":"/Users/kumaraswamy/Desktop/design-den-react copy/src/utils/authHelpers.cjs","statementMap":{"0":{"start":{"line":2,"column":15},"end":{"line":2,"column":34}},"1":{"start":{"line":5,"column":2},"end":{"line":5,"column":50}},"2":{"start":{"line":9,"column":2},"end":{"line":9,"column":62}},"3":{"start":{"line":13,"column":21},"end":{"line":13,"column":77}},"4":{"start":{"line":14,"column":2},"end":{"line":14,"column":35}},"5":{"start":{"line":18,"column":2},"end":{"line":18,"column":29}},"6":{"start":{"line":22,"column":2},"end":{"line":22,"column":33}},"7":{"start":{"line":26,"column":2},"end":{"line":26,"column":32}},"8":{"start":{"line":30,"column":2},"end":{"line":30,"column":39}},"9":{"start":{"line":34,"column":32},"end":{"line":34,"column":36}},"10":{"start":{"line":35,"column":2},"end":{"line":35,"column":14}},"11":{"start":{"line":38,"column":0},"end":{"line":47,"column":2}}},"fnMap":{"0":{"name":"validateEmail","decl":{"start":{"line":4,"column":9},"end":{"line":4,"column":22}},"loc":{"start":{"line":4,"column":30},"end":{"line":6,"column":1}},"line":4},"1":{"name":"validatePassword","decl":{"start":{"line":8,"column":9},"end":{"line":8,"column":25}},"loc":{"start":{"line":8,"column":36},"end":{"line":10,"column":1}},"line":8},"2":{"name":"validateRole","decl":{"start":{"line":12,"column":9},"end":{"line":12,"column":21}},"loc":{"start":{"line":12,"column":28},"end":{"line":15,"column":1}},"line":12},"3":{"name":"hasRole","decl":{"start":{"line":17,"column":9},"end":{"line":17,"column":16}},"loc":{"start":{"line":17,"column":29},"end":{"line":19,"column":1}},"line":17},"4":{"name":"isApproved","decl":{"start":{"line":21,"column":9},"end":{"line":21,"column":19}},"loc":{"start":{"line":21,"column":26},"end":{"line":23,"column":1}},"line":21},"5":{"name":"hashPassword","decl":{"start":{"line":25,"column":15},"end":{"line":25,"column":27}},"loc":{"start":{"line":25,"column":35},"end":{"line":27,"column":1}},"line":25},"6":{"name":"verifyPassword","decl":{"start":{"line":29,"column":15},"end":{"line":29,"column":29}},"loc":{"start":{"line":29,"column":45},"end":{"line":31,"column":1}},"line":29},"7":{"name":"sanitizeUser","decl":{"start":{"line":33,"column":9},"end":{"line":33,"column":21}},"loc":{"start":{"line":33,"column":28},"end":{"line":36,"column":1}},"line":33}},"branchMap":{"0":{"loc":{"start":{"line":9,"column":9},"end":{"line":9,"column":61}},"type":"binary-expr","locations":[{"start":{"line":9,"column":9},"end":{"line":9,"column":37}},{"start":{"line":9,"column":41},"end":{"line":9,"column":61}}],"line":9}},"s":{"0":1,"1":5,"2":4,"3":7,"4":7,"5":3,"6":3,"7":3,"8":2,"9":2,"10":2,"11":1},"f":{"0":5,"1":4,"2":7,"3":3,"4":3,"5":3,"6":2,"7":2},"b":{"0":[4,2]},"inputSourceMap":null,"_coverageSchema":"1a1c01bbd47fc00a2c39e90264f33305004495a9","hash":"19db34dcc84745a4bc5bb8b71a78d101c973d57b"}
,"/Users/kumaraswamy/Desktop/design-den-react copy/src/utils/helpers.cjs": {"path":"/Users/kumaraswamy/Desktop/design-den-react copy/src/utils/helpers.cjs","statementMap":{"0":{"start":{"line":4,"column":2},"end":{"line":4,"column":51}},"1":{"start":{"line":4,"column":39},"end":{"line":4,"column":51}},"2":{"start":{"line":5,"column":2},"end":{"line":9,"column":20}},"3":{"start":{"line":13,"column":14},"end":{"line":30,"column":3}},"4":{"start":{"line":31,"column":2},"end":{"line":31,"column":64}},"5":{"start":{"line":35,"column":2},"end":{"line":36,"column":64}},"6":{"start":{"line":36,"column":36},"end":{"line":36,"column":62}},"7":{"start":{"line":40,"column":2},"end":{"line":40,"column":61}},"8":{"start":{"line":44,"column":2},"end":{"line":44,"column":63}},"9":{"start":{"line":48,"column":14},"end":{"line":48,"column":23}},"10":{"start":{"line":49,"column":2},"end":{"line":49,"column":38}},"11":{"start":{"line":49,"column":25},"end":{"line":49,"column":38}},"12":{"start":{"line":50,"column":2},"end":{"line":50,"column":39}},"13":{"start":{"line":50,"column":26},"end":{"line":50,"column":39}},"14":{"start":{"line":51,"column":2},"end":{"line":51,"column":28}},"15":{"start":{"line":51,"column":15},"end":{"line":51,"column":28}},"16":{"start":{"line":52,"column":2},"end":{"line":52,"column":31}},"17":{"start":{"line":52,"column":18},"end":{"line":52,"column":31}},"18":{"start":{"line":53,"column":2},"end":{"line":53,"column":15}},"19":{"start":{"line":57,"column":2},"end":{"line":57,"column":45}},"20":{"start":{"line":60,"column":0},"end":{"line":68,"column":2}}},"fnMap":{"0":{"name":"formatPrice","decl":{"start":{"line":3,"column":9},"end":{"line":3,"column":20}},"loc":{"start":{"line":3,"column":29},"end":{"line":10,"column":1}},"line":3},"1":{"name":"getOrderStatusLabel","decl":{"start":{"line":12,"column":9},"end":{"line":12,"column":28}},"loc":{"start":{"line":12,"column":37},"end":{"line":32,"column":1}},"line":12},"2":{"name":"isCustomOrder","decl":{"start":{"line":34,"column":9},"end":{"line":34,"column":22}},"loc":{"start":{"line":34,"column":30},"end":{"line":37,"column":1}},"line":34},"3":{"name":"(anonymous_3)","decl":{"start":{"line":36,"column":29},"end":{"line":36,"column":30}},"loc":{"start":{"line":36,"column":36},"end":{"line":36,"column":62}},"line":36},"4":{"name":"canCustomerApproveDesign","decl":{"start":{"line":39,"column":9},"end":{"line":39,"column":33}},"loc":{"start":{"line":39,"column":41},"end":{"line":41,"column":1}},"line":39},"5":{"name":"generateOrderNumber","decl":{"start":{"line":43,"column":9},"end":{"line":43,"column":28}},"loc":{"start":{"line":43,"column":45},"end":{"line":45,"column":1}},"line":43},"6":{"name":"estimatePrice","decl":{"start":{"line":47,"column":9},"end":{"line":47,"column":22}},"loc":{"start":{"line":47,"column":73},"end":{"line":54,"column":1}},"line":47},"7":{"name":"buildProductCacheKey","decl":{"start":{"line":56,"column":9},"end":{"line":56,"column":29}},"loc":{"start":{"line":56,"column":37},"end":{"line":58,"column":1}},"line":56}},"branchMap":{"0":{"loc":{"start":{"line":4,"column":2},"end":{"line":4,"column":51}},"type":"if","locations":[{"start":{"line":4,"column":2},"end":{"line":4,"column":51}},{"start":{},"end":{}}],"line":4},"1":{"loc":{"start":{"line":4,"column":6},"end":{"line":4,"column":37}},"type":"binary-expr","locations":[{"start":{"line":4,"column":6},"end":{"line":4,"column":20}},{"start":{"line":4,"column":24},"end":{"line":4,"column":37}}],"line":4},"2":{"loc":{"start":{"line":31,"column":9},"end":{"line":31,"column":63}},"type":"binary-expr","locations":[{"start":{"line":31,"column":9},"end":{"line":31,"column":20}},{"start":{"line":31,"column":24},"end":{"line":31,"column":50}},{"start":{"line":31,"column":54},"end":{"line":31,"column":63}}],"line":31},"3":{"loc":{"start":{"line":35,"column":9},"end":{"line":36,"column":63}},"type":"binary-expr","locations":[{"start":{"line":35,"column":9},"end":{"line":35,"column":37}},{"start":{"line":36,"column":4},"end":{"line":36,"column":63}}],"line":35},"4":{"loc":{"start":{"line":36,"column":5},"end":{"line":36,"column":22}},"type":"binary-expr","locations":[{"start":{"line":36,"column":5},"end":{"line":36,"column":16}},{"start":{"line":36,"column":20},"end":{"line":36,"column":22}}],"line":36},"5":{"loc":{"start":{"line":36,"column":36},"end":{"line":36,"column":62}},"type":"binary-expr","locations":[{"start":{"line":36,"column":36},"end":{"line":36,"column":46}},{"start":{"line":36,"column":50},"end":{"line":36,"column":62}}],"line":36},"6":{"loc":{"start":{"line":47,"column":25},"end":{"line":47,"column":40}},"type":"default-arg","locations":[{"start":{"line":47,"column":37},"end":{"line":47,"column":40}}],"line":47},"7":{"loc":{"start":{"line":49,"column":2},"end":{"line":49,"column":38}},"type":"if","locations":[{"start":{"line":49,"column":2},"end":{"line":49,"column":38}},{"start":{},"end":{}}],"line":49},"8":{"loc":{"start":{"line":50,"column":2},"end":{"line":50,"column":39}},"type":"if","locations":[{"start":{"line":50,"column":2},"end":{"line":50,"column":39}},{"start":{},"end":{}}],"line":50},"9":{"loc":{"start":{"line":51,"column":2},"end":{"line":51,"column":28}},"type":"if","locations":[{"start":{"line":51,"column":2},"end":{"line":51,"column":28}},{"start":{},"end":{}}],"line":51},"10":{"loc":{"start":{"line":52,"column":2},"end":{"line":52,"column":31}},"type":"if","locations":[{"start":{"line":52,"column":2},"end":{"line":52,"column":31}},{"start":{},"end":{}}],"line":52}},"s":{"0":6,"1":3,"2":3,"3":6,"4":6,"5":4,"6":3,"7":4,"8":4,"9":6,"10":6,"11":2,"12":6,"13":1,"14":6,"15":2,"16":6,"17":2,"18":6,"19":5,"20":1},"f":{"0":6,"1":6,"2":4,"3":3,"4":4,"5":4,"6":6,"7":5},"b":{"0":[3,3],"1":[6,4],"2":[6,2,1],"3":[4,3],"4":[3,0],"5":[3,2],"6":[0],"7":[2,4],"8":[1,5],"9":[2,4],"10":[2,4]},"inputSourceMap":null,"_coverageSchema":"1a1c01bbd47fc00a2c39e90264f33305004495a9","hash":"f6399daf38c26f78d644b0dc60c19acd5c174fa5"}
}
