TN:
SF:src/utils/authHelpers.cjs
FN:4,validateEmail
FN:8,validatePassword
FN:12,validateRole
FN:17,hasRole
FN:21,isApproved
FN:25,hashPassword
FN:29,verifyPassword
FN:33,sanitizeUser
FNF:8
FNH:8
FNDA:5,validateEmail
FNDA:4,validatePassword
FNDA:7,validateRole
FNDA:3,hasRole
FNDA:3,isApproved
FNDA:3,hashPassword
FNDA:2,verifyPassword
FNDA:2,sanitizeUser
DA:2,1
DA:5,5
DA:9,4
DA:13,7
DA:14,7
DA:18,3
DA:22,3
DA:26,3
DA:30,2
DA:34,2
DA:35,2
DA:38,1
LF:12
LH:12
BRDA:9,0,0,4
BRDA:9,0,1,2
BRF:2
BRH:2
end_of_record
TN:
SF:src/utils/helpers.cjs
FN:3,formatPrice
FN:12,getOrderStatusLabel
FN:34,isCustomOrder
FN:36,(anonymous_3)
FN:39,canCustomerApproveDesign
FN:43,generateOrderNumber
FN:47,estimatePrice
FN:56,buildProductCacheKey
FNF:8
FNH:8
FNDA:6,formatPrice
FNDA:6,getOrderStatusLabel
FNDA:4,isCustomOrder
FNDA:3,(anonymous_3)
FNDA:4,canCustomerApproveDesign
FNDA:4,generateOrderNumber
FNDA:6,estimatePrice
FNDA:5,buildProductCacheKey
DA:4,6
DA:5,3
DA:13,6
DA:31,6
DA:35,4
DA:36,3
DA:40,4
DA:44,4
DA:48,6
DA:49,6
DA:50,6
DA:51,6
DA:52,6
DA:53,6
DA:57,5
DA:60,1
LF:16
LH:16
BRDA:4,0,0,3
BRDA:4,0,1,3
BRDA:4,1,0,6
BRDA:4,1,1,4
BRDA:31,2,0,6
BRDA:31,2,1,2
BRDA:31,2,2,1
BRDA:35,3,0,4
BRDA:35,3,1,3
BRDA:36,4,0,3
BRDA:36,4,1,0
BRDA:36,5,0,3
BRDA:36,5,1,2
BRDA:47,6,0,0
BRDA:49,7,0,2
BRDA:49,7,1,4
BRDA:50,8,0,1
BRDA:50,8,1,5
BRDA:51,9,0,2
BRDA:51,9,1,4
BRDA:52,10,0,2
BRDA:52,10,1,4
BRF:22
BRH:20
end_of_record
